<?xml version="1.0" encoding="UTF-8"?>
<!-- Generated by org.testng.reporters.JUnitReportReporter -->
<testsuite skipped="0" hostname="DESKTOP-S7D7RBF" name="demoqa.testcases.LandingPageTestCase" tests="1" failures="0" timestamp="2020-09-02T00:11:18 IST" time="19.434" errors="0">
  <testcase name="verifyTitleOnLandingPage" time="19.434" classname="demoqa.testcases.LandingPageTestCase"/>
  <system-out/>
</testsuite> <!-- demoqa.testcases.LandingPageTestCase -->
